<?xml version="1.0" encoding="UTF-8"?>
<!-- Generated by org.testng.reporters.JUnitXMLReporter -->
<testsuite hostname="Dzhamsheds-MacBook-Pro.local" ignored="0" name="Test" tests="3" failures="0" timestamp="2020-05-26T17:02:12 PDT" time="24.523" errors="0">
  <testcase name="ligin" time="0.551" classname="com.class01.HomeWork2"/>
  <testcase name="login" time="2.17" classname="com.class01.HomeWork1"/>
  <testcase name="test" time="0.003" classname="com.class01.DifferentAnnotations"/>
</testsuite> <!-- Test -->
