<?xml version="1.0" encoding="UTF-8"?>
<!-- Generated by org.testng.reporters.JUnitXMLReporter -->
<testsuite hostname="Dzhamsheds-MacBook-Pro.local" ignored="0" name="Test" tests="5" failures="0" timestamp="2020-05-27T14:38:39 PDT" time="104.707" errors="0">
  <testcase name="addEmployee" time="15.818" classname="com.class03.HomeWorkTestNG"/>
  <testcase name="addEmployee" time="15.587" classname="com.class03.HomeWorkTestNG"/>
  <testcase name="addEmployee" time="14.201" classname="com.class03.HomeWorkTestNG"/>
  <testcase name="addEmployee" time="14.049" classname="com.class03.HomeWorkTestNG"/>
  <testcase name="addEmployee" time="15.514" classname="com.class03.HomeWorkTestNG"/>
</testsuite> <!-- Test -->
