<?xml version="1.0" encoding="UTF-8"?>
<!-- Generated by org.testng.reporters.JUnitXMLReporter -->
<testsuite hostname="Dzhamsheds-MacBook-Pro.local" ignored="0" name="Test" tests="5" failures="0" timestamp="2020-05-26T23:08:52 PDT" time="56.586" errors="0">
  <testcase name="addEmployeePage" time="6.94" classname="com.test.AddEmployeeTest"/>
  <testcase name="addEmployeePage1" time="6.421" classname="com.test.AddEmployeeTest"/>
  <testcase name="emptyUsernameLogin" time="0.416" classname="com.test.LoginTest"/>
  <testcase name="invalidPasswordLogin" time="1.437" classname="com.test.LoginTest"/>
  <testcase name="validAdminLogin" time="2.388" classname="com.test.LoginTest"/>
</testsuite> <!-- Test -->
