<?xml version="1.0" encoding="UTF-8"?>
<!-- Generated by org.testng.reporters.JUnitXMLReporter -->
<testsuite hostname="Dzhamsheds-MacBook-Pro.local" ignored="0" name="Test" tests="3" failures="0" timestamp="2020-05-27T14:34:21 PDT" time="38.727" errors="0">
  <testcase name="ligin" time="0.664" classname="com.class01.HomeWork2"/>
  <testcase name="login" time="2.534" classname="com.class01.HomeWork1"/>
  <testcase name="test" time="0.003" classname="com.class01.DifferentAnnotations"/>
</testsuite> <!-- Test -->
